<?xml version="1.0" encoding="UTF-8"?>
<!-- Generated by org.testng.reporters.JUnitReportReporter -->
<testsuite skipped="0" hostname="AditiChenni-PC" name="seleniumgrid.GridExampleTest" tests="1" failures="0" timestamp="13 May 2018 15:35:17 GMT" time="16.261" errors="0">
  <testcase name="testGooglePageTitleInIEBrowser" time="16.261" classname="seleniumgrid.GridExampleTest"/>
</testsuite> <!-- seleniumgrid.GridExampleTest -->
