<?xml version="1.0" encoding="UTF-8"?>
<!-- Generated by org.testng.reporters.JUnitReportReporter -->
<testsuite skipped="0" hostname="AditiChenni-PC" name="testngexample.NewTest" tests="1" failures="0" timestamp="13 May 2018 15:06:12 GMT" time="16.755" errors="0">
  <testcase name="f" time="16.755" classname="testngexample.NewTest"/>
</testsuite> <!-- testngexample.NewTest -->
